#
# There is insufficient memory for the Java Runtime Environment to continue.
# Native memory allocation (malloc) failed to allocate 1048576 bytes for AllocateHeap
# Possible reasons:
#   The system is out of physical RAM or swap space
#   In 32 bit mode, the process size limit was hit
# Possible solutions:
#   Reduce memory load on the system
#   Increase physical memory or swap space
#   Check if swap backing store is full
#   Use 64 bit Java on a 64 bit OS
#   Decrease Java heap size (-Xmx/-Xms)
#   Decrease number of Java threads
#   Decrease Java thread stack sizes (-Xss)
#   Set larger code cache with -XX:ReservedCodeCacheSize=
# This output file may be truncated or incomplete.
#
#  Out of Memory Error (memory/allocation.inline.hpp:61), pid=10116, tid=9268
#
# JRE version:  (8.0_65-b17) (build )
# Java VM: Java HotSpot(TM) 64-Bit Server VM (25.65-b01 mixed mode windows-amd64 compressed oops)
# Failed to write core dump. Minidumps are not enabled by default on client versions of Windows
#

---------------  T H R E A D  ---------------

Current thread (0x0000000002100800):  JavaThread "Unknown thread" [_thread_in_vm, id=9268, stack(0x0000000001fa0000,0x00000000020a0000)]

Stack: [0x0000000001fa0000,0x00000000020a0000]
[error occurred during error reporting (printing stack bounds), id 0xc0000005]

Native frames: (J=compiled Java code, j=interpreted, Vv=VM code, C=native code)


---------------  P R O C E S S  ---------------

Java Threads: ( => current thread )

Other Threads:

=>0x0000000002100800 (exited) JavaThread "Unknown thread" [_thread_in_vm, id=9268, stack(0x0000000001fa0000,0x00000000020a0000)]

VM state:not at safepoint (normal execution)

VM Mutex/Monitor currently owned by a thread: None

Heap:
 PSYoungGen      total 18432K, used 317K [0x00000000eab00000, 0x00000000ebf80000, 0x0000000100000000)
  eden space 15872K, 2% used [0x00000000eab00000,0x00000000eab4f5d0,0x00000000eba80000)
  from space 2560K, 0% used [0x00000000ebd00000,0x00000000ebd00000,0x00000000ebf80000)
  to   space 2560K, 0% used [0x00000000eba80000,0x00000000eba80000,0x00000000ebd00000)
 ParOldGen       total 42496K, used 0K [0x00000000c0000000, 0x00000000c2980000, 0x00000000eab00000)
  object space 42496K, 0% used [0x00000000c0000000,0x00000000c0000000,0x00000000c2980000)
 Metaspace       used 767K, capacity 4480K, committed 4480K, reserved 1056768K
  class space    used 75K, capacity 384K, committed 384K, reserved 1048576K

Card table byte_map: [0x0000000011690000,0x00000000118a0000] byte_map_base: 0x0000000011090000

Marking Bits: (ParMarkBitMap*) 0x000000006702a5b0
 Begin Bits: [0x0000000012200000, 0x0000000013200000)
 End Bits:   [0x0000000013200000, 0x0000000014200000)

Polling page: 0x00000000007c0000

CodeCache: size=245760Kb used=328Kb max_used=328Kb free=245431Kb
 bounds [0x00000000022d0000, 0x0000000002540000, 0x00000000112d0000]
 total_blobs=57 nmethods=0 adapters=37
 compilation: enabled

Compilation events (0 events):
No events

GC Heap History (0 events):
No events

Deoptimization events (0 events):
No events

Internal exceptions (0 events):
No events

Events (10 events):
Event: 0.683 loading class java/lang/Short
Event: 0.683 loading class java/lang/Short done
Event: 0.683 loading class java/lang/Integer
Event: 0.683 loading class java/lang/Integer done
Event: 0.683 loading class java/lang/Long
Event: 0.683 loading class java/lang/Long done
Event: 0.684 loading class java/lang/NullPointerException
Event: 0.684 loading class java/lang/NullPointerException done
Event: 0.684 loading class java/lang/ArithmeticException
Event: 0.684 loading class java/lang/ArithmeticException done


Dynamic libraries:
0x00007ff6c5dd0000 - 0x00007ff6c5e07000 	C:\Program Files\Java\jdk1.8.0_65\bin\java.exe
0x00007fff258a0000 - 0x00007fff25a4c000 	C:\Windows\SYSTEM32\ntdll.dll
0x00007fff25750000 - 0x00007fff2588e000 	C:\Windows\system32\KERNEL32.DLL
0x00007fff22e10000 - 0x00007fff22f25000 	C:\Windows\system32\KERNELBASE.dll
0x00007fff21510000 - 0x00007fff2159e000 	C:\Windows\system32\apphelp.dll
0x00007ffefe1a0000 - 0x00007ffefe1f3000 	C:\Windows\AppPatch\AppPatch64\AcGenral.DLL
0x00007fff24fe0000 - 0x00007fff2508a000 	C:\Windows\system32\msvcrt.dll
0x00007fff227c0000 - 0x00007fff227ee000 	C:\Windows\SYSTEM32\SspiCli.dll
0x00007fff24de0000 - 0x00007fff24e34000 	C:\Windows\system32\SHLWAPI.dll
0x00007fff24c50000 - 0x00007fff24dc7000 	C:\Windows\system32\USER32.dll
0x00007fff24e40000 - 0x00007fff24fd4000 	C:\Windows\system32\ole32.dll
0x00007fff23090000 - 0x00007fff245a9000 	C:\Windows\system32\SHELL32.dll
0x00007fff21f90000 - 0x00007fff21fb1000 	C:\Windows\SYSTEM32\USERENV.dll
0x00007fff25510000 - 0x00007fff255ba000 	C:\Windows\system32\ADVAPI32.dll
0x00007fff18e40000 - 0x00007fff18e5e000 	C:\Windows\SYSTEM32\MPR.dll
0x00007fff25250000 - 0x00007fff25391000 	C:\Windows\system32\RPCRT4.dll
0x00007fff255c0000 - 0x00007fff25619000 	C:\Windows\SYSTEM32\sechost.dll
0x00007fff24a20000 - 0x00007fff24c31000 	C:\Windows\SYSTEM32\combase.dll
0x00007fff253c0000 - 0x00007fff25510000 	C:\Windows\system32\GDI32.dll
0x00007fff22a00000 - 0x00007fff22a15000 	C:\Windows\SYSTEM32\profapi.dll
0x00007fff21450000 - 0x00007fff21502000 	C:\Windows\SYSTEM32\SHCORE.dll
0x00007fff25150000 - 0x00007fff25186000 	C:\Windows\system32\IMM32.DLL
0x00007fff22f30000 - 0x00007fff23082000 	C:\Windows\system32\MSCTF.dll
0x00007fff22980000 - 0x00007fff229e6000 	C:\Windows\system32\nvinitx.dll
0x00007fff20a60000 - 0x00007fff20cda000 	C:\Windows\WinSxS\amd64_microsoft.windows.common-controls_6595b64144ccf1df_6.0.9600.17810_none_6240b9c7ecbd0bda\COMCTL32.dll
0x0000000064700000 - 0x00000000647d2000 	C:\Program Files\Java\jdk1.8.0_65\jre\bin\msvcr100.dll
0x0000000066820000 - 0x00000000670a9000 	C:\Program Files\Java\jdk1.8.0_65\jre\bin\server\jvm.dll
0x00007fff1ac20000 - 0x00007fff1ac29000 	C:\Windows\SYSTEM32\WSOCK32.dll
0x00007fff20570000 - 0x00007fff20592000 	C:\Windows\SYSTEM32\WINMM.dll
0x00007fff205a0000 - 0x00007fff205aa000 	C:\Windows\SYSTEM32\VERSION.dll
0x00007fff25890000 - 0x00007fff25897000 	C:\Windows\system32\PSAPI.DLL
0x00007fff25680000 - 0x00007fff256da000 	C:\Windows\system32\WS2_32.dll
0x00007fff202e0000 - 0x00007fff2030a000 	C:\Windows\SYSTEM32\WINMMBASE.dll
0x00007fff24dd0000 - 0x00007fff24dd9000 	C:\Windows\system32\NSI.dll
0x00007fff22be0000 - 0x00007fff22c2f000 	C:\Windows\SYSTEM32\cfgmgr32.dll
0x00007fff21780000 - 0x00007fff217a8000 	C:\Windows\SYSTEM32\DEVOBJ.dll
0x0000000068760000 - 0x000000006876f000 	C:\Program Files\Java\jdk1.8.0_65\jre\bin\verify.dll
0x0000000068730000 - 0x0000000068759000 	C:\Program Files\Java\jdk1.8.0_65\jre\bin\java.dll
0x0000000068710000 - 0x0000000068726000 	C:\Program Files\Java\jdk1.8.0_65\jre\bin\zip.dll

VM Arguments:
jvm_args: -Djava.awt.headless=true -Xmx1024M -Dfile.encoding=windows-1250 -Duser.country=PL -Duser.language=pl -Duser.variant 
java_command: com.android.dx.command.Main --dex --num-threads=4 --output C:\Users\Patryk\AndroidStudioProjects\ISA\app\build\intermediates\pre-dexed\debug\com.google.android.gms-play-services-analytics-8.4.0_dd15688cd719db32f42eaefc94af6c31124070c7.jar C:\Users\Patryk\AndroidStudioProjects\ISA\app\build\intermediates\exploded-aar\com.google.android.gms\play-services-analytics\8.4.0\jars\classes.jar
java_class_path (initial): C:\Users\Patryk\AppData\Local\Android\sdk\build-tools\23.0.2\lib\dx.jar
Launcher Type: SUN_STANDARD

Environment Variables:
JAVA_HOME=C:\Program Files\Java\jdk1.8.0_65
PATH=C:\ProgramData\Oracle\Java\javapath;C:\Program Files (x86)\NVIDIA Corporation\PhysX\Common;C:\Windows\system32;C:\Windows;C:\Windows\System32\Wbem;C:\Windows\System32\WindowsPowerShell\v1.0\;C:\Program Files\MATLAB\R2011a\runtime\win64;C:\Program Files\MATLAB\R2011a\bin;C:\Android;C:\Windows\System32;C:\Program Files (x86)\Skype\Phone\;C:\Program Files\Java\jre1.8.0_65\bin;.;;.;
USERNAME=Patryk
OS=Windows_NT
PROCESSOR_IDENTIFIER=Intel64 Family 6 Model 58 Stepping 9, GenuineIntel



---------------  S Y S T E M  ---------------

OS: Windows 8.1 , 64 bit Build 9600 (6.3.9600.17415)

CPU:total 8 (4 cores per cpu, 2 threads per core) family 6 model 58 stepping 9, cmov, cx8, fxsr, mmx, sse, sse2, sse3, ssse3, sse4.1, sse4.2, popcnt, avx, aes, clmul, erms, ht, tsc, tscinvbit, tscinv

Memory: 4k page, physical 4060004k(220284k free), swap 7205732k(5076k free)

vm_info: Java HotSpot(TM) 64-Bit Server VM (25.65-b01) for windows-amd64 JRE (1.8.0_65-b17), built on Oct  6 2015 16:39:20 by "java_re" with MS VC++ 10.0 (VS2010)

time: Sun Jan 03 18:41:02 2016
elapsed time: 0 seconds (0d 0h 0m 0s)

