#
# There is insufficient memory for the Java Runtime Environment to continue.
# Native memory allocation (malloc) failed to allocate 131088 bytes for Chunk::new
# Possible reasons:
#   The system is out of physical RAM or swap space
#   In 32 bit mode, the process size limit was hit
# Possible solutions:
#   Reduce memory load on the system
#   Increase physical memory or swap space
#   Check if swap backing store is full
#   Use 64 bit Java on a 64 bit OS
#   Decrease Java heap size (-Xmx/-Xms)
#   Decrease number of Java threads
#   Decrease Java thread stack sizes (-Xss)
#   Set larger code cache with -XX:ReservedCodeCacheSize=
# This output file may be truncated or incomplete.
#
#  Out of Memory Error (allocation.cpp:390), pid=9740, tid=9860
#
# JRE version: Java(TM) SE Runtime Environment (8.0_65-b17) (build 1.8.0_65-b17)
# Java VM: Java HotSpot(TM) 64-Bit Server VM (25.65-b01 mixed mode windows-amd64 compressed oops)
# Failed to write core dump. Minidumps are not enabled by default on client versions of Windows
#

---------------  T H R E A D  ---------------

Current thread (0x0000000016b66000):  JavaThread "C2 CompilerThread2" daemon [_thread_in_native, id=9860, stack(0x0000000017320000,0x0000000017420000)]

Stack: [0x0000000017320000,0x0000000017420000]
[error occurred during error reporting (printing stack bounds), id 0xc0000005]

Native frames: (J=compiled Java code, j=interpreted, Vv=VM code, C=native code)


Current CompileTask:
C2:  10650 1613       4       com.android.dx.cf.code.ValueAwareMachine::run (1142 bytes)


---------------  P R O C E S S  ---------------

Java Threads: ( => current thread )
  0x0000000016eaa800 JavaThread "pool-1-thread-4" [_thread_blocked, id=10024, stack(0x0000000018320000,0x0000000018420000)]
  0x0000000016ea6000 JavaThread "pool-1-thread-3" [_thread_blocked, id=10020, stack(0x0000000018220000,0x0000000018320000)]
  0x0000000017754000 JavaThread "pool-1-thread-2" [_thread_blocked, id=10016, stack(0x0000000018120000,0x0000000018220000)]
  0x0000000017753000 JavaThread "pool-2-thread-1" [_thread_blocked, id=10004, stack(0x0000000018020000,0x0000000018120000)]
  0x0000000016e5d800 JavaThread "pool-1-thread-1" [_thread_blocked, id=10000, stack(0x0000000017f20000,0x0000000018020000)]
  0x0000000016bd7000 JavaThread "Service Thread" daemon [_thread_blocked, id=9868, stack(0x0000000017520000,0x0000000017620000)]
  0x0000000016bb7800 JavaThread "C1 CompilerThread3" daemon [_thread_in_native, id=9864, stack(0x0000000017420000,0x0000000017520000)]
=>0x0000000016b66000 JavaThread "C2 CompilerThread2" daemon [_thread_in_native, id=9860, stack(0x0000000017320000,0x0000000017420000)]
  0x0000000016b4f000 JavaThread "C2 CompilerThread1" daemon [_thread_in_native, id=9856, stack(0x0000000017220000,0x0000000017320000)]
  0x0000000016b49800 JavaThread "C2 CompilerThread0" daemon [_thread_in_native, id=9852, stack(0x0000000017120000,0x0000000017220000)]
  0x0000000014b6d800 JavaThread "Attach Listener" daemon [_thread_blocked, id=9848, stack(0x0000000017020000,0x0000000017120000)]
  0x0000000014b6c000 JavaThread "Signal Dispatcher" daemon [_thread_blocked, id=9844, stack(0x0000000016f20000,0x0000000017020000)]
  0x0000000002033000 JavaThread "Finalizer" daemon [_thread_blocked, id=9840, stack(0x0000000016a20000,0x0000000016b20000)]
  0x0000000002032000 JavaThread "Reference Handler" daemon [_thread_blocked, id=9836, stack(0x0000000016920000,0x0000000016a20000)]
  0x0000000001f40800 JavaThread "main" [_thread_blocked, id=9796, stack(0x0000000001e40000,0x0000000001f40000)]

Other Threads:
  0x0000000014b59800 VMThread [stack: 0x0000000016820000,0x0000000016920000] [id=9832]
  0x0000000016bd9800 WatcherThread [stack: 0x0000000017620000,0x0000000017720000] [id=9916]

VM state:not at safepoint (normal execution)

VM Mutex/Monitor currently owned by a thread: None

Heap:
 PSYoungGen      total 66048K, used 6305K [0x00000000eab00000, 0x00000000eee00000, 0x0000000100000000)
  eden space 63488K, 5% used [0x00000000eab00000,0x00000000eaeafe30,0x00000000ee900000)
  from space 2560K, 98% used [0x00000000eeb80000,0x00000000eedf8980,0x00000000eee00000)
  to   space 2560K, 0% used [0x00000000ee900000,0x00000000ee900000,0x00000000eeb80000)
 ParOldGen       total 42496K, used 11204K [0x00000000c0000000, 0x00000000c2980000, 0x00000000eab00000)
  object space 42496K, 26% used [0x00000000c0000000,0x00000000c0af1208,0x00000000c2980000)
 Metaspace       used 6202K, capacity 7088K, committed 7296K, reserved 1056768K
  class space    used 603K, capacity 616K, committed 640K, reserved 1048576K

Card table byte_map: [0x0000000011400000,0x0000000011610000] byte_map_base: 0x0000000010e00000

Marking Bits: (ParMarkBitMap*) 0x000000006702a5b0
 Begin Bits: [0x0000000011f70000, 0x0000000012f70000)
 End Bits:   [0x0000000012f70000, 0x0000000013f70000)

Polling page: 0x0000000001cd0000

CodeCache: size=245760Kb used=7274Kb max_used=7292Kb free=238485Kb
 bounds [0x0000000002040000, 0x0000000002770000, 0x0000000011040000]
 total_blobs=1893 nmethods=1624 adapters=182
 compilation: enabled

Compilation events (10 events):
Event: 10.621 Thread 0x0000000016bb7800 nmethod 1640 0x000000000273df50 code [0x000000000273e0e0, 0x000000000273e4e8]
Event: 10.621 Thread 0x0000000016bb7800 1641       3       com.android.dx.cf.direct.MemberListParser::parseIfNecessary (12 bytes)
Event: 10.622 Thread 0x0000000016bb7800 nmethod 1641 0x0000000002740890 code [0x0000000002740a00, 0x0000000002740bc8]
Event: 10.626 Thread 0x0000000016bb7800 1642       3       com.android.dx.cf.direct.DirectClassFile::getThisClass (9 bytes)
Event: 10.626 Thread 0x0000000016bb7800 nmethod 1642 0x0000000002740410 code [0x0000000002740580, 0x00000000027407c8]
Event: 10.631 Thread 0x0000000016bb7800 1643   !   3       com.android.dx.cf.code.RopperMachine::run (1550 bytes)
Event: 10.636 Thread 0x0000000016b49800 nmethod 1599 0x00000000027460d0 code [0x00000000027462a0, 0x0000000002746d90]
Event: 10.636 Thread 0x0000000016b49800 1638       4       java.util.TreeMap::getEntry (84 bytes)
Event: 10.638 Thread 0x0000000016b49800 nmethod 1638 0x0000000002748450 code [0x00000000027485a0, 0x00000000027486f8]
Event: 10.639 Thread 0x0000000016b49800 1598       4       com.android.dx.ssa.Dominators$DfsWalker::visitBlock (59 bytes)

GC Heap History (8 events):
Event: 3.441 GC heap before
{Heap before GC invocations=1 (full 0):
 PSYoungGen      total 18432K, used 15872K [0x00000000eab00000, 0x00000000ebf80000, 0x0000000100000000)
  eden space 15872K, 100% used [0x00000000eab00000,0x00000000eba80000,0x00000000eba80000)
  from space 2560K, 0% used [0x00000000ebd00000,0x00000000ebd00000,0x00000000ebf80000)
  to   space 2560K, 0% used [0x00000000eba80000,0x00000000eba80000,0x00000000ebd00000)
 ParOldGen       total 42496K, used 0K [0x00000000c0000000, 0x00000000c2980000, 0x00000000eab00000)
  object space 42496K, 0% used [0x00000000c0000000,0x00000000c0000000,0x00000000c2980000)
 Metaspace       used 3920K, capacity 5040K, committed 5120K, reserved 1056768K
  class space    used 440K, capacity 488K, committed 512K, reserved 1048576K
Event: 3.681 GC heap after
Heap after GC invocations=1 (full 0):
 PSYoungGen      total 18432K, used 1412K [0x00000000eab00000, 0x00000000ecf00000, 0x0000000100000000)
  eden space 15872K, 0% used [0x00000000eab00000,0x00000000eab00000,0x00000000eba80000)
  from space 2560K, 55% used [0x00000000eba80000,0x00000000ebbe12d8,0x00000000ebd00000)
  to   space 2560K, 0% used [0x00000000ecc80000,0x00000000ecc80000,0x00000000ecf00000)
 ParOldGen       total 42496K, used 8K [0x00000000c0000000, 0x00000000c2980000, 0x00000000eab00000)
  object space 42496K, 0% used [0x00000000c0000000,0x00000000c0002000,0x00000000c2980000)
 Metaspace       used 3920K, capacity 5040K, committed 5120K, reserved 1056768K
  class space    used 440K, capacity 488K, committed 512K, reserved 1048576K
}
Event: 5.777 GC heap before
{Heap before GC invocations=2 (full 0):
 PSYoungGen      total 18432K, used 17284K [0x00000000eab00000, 0x00000000ecf00000, 0x0000000100000000)
  eden space 15872K, 100% used [0x00000000eab00000,0x00000000eba80000,0x00000000eba80000)
  from space 2560K, 55% used [0x00000000eba80000,0x00000000ebbe12d8,0x00000000ebd00000)
  to   space 2560K, 0% used [0x00000000ecc80000,0x00000000ecc80000,0x00000000ecf00000)
 ParOldGen       total 42496K, used 8K [0x00000000c0000000, 0x00000000c2980000, 0x00000000eab00000)
  object space 42496K, 0% used [0x00000000c0000000,0x00000000c0002000,0x00000000c2980000)
 Metaspace       used 5944K, capacity 6896K, committed 7040K, reserved 1056768K
  class space    used 601K, capacity 616K, committed 640K, reserved 1048576K
Event: 6.090 GC heap after
Heap after GC invocations=2 (full 0):
 PSYoungGen      total 34304K, used 2553K [0x00000000eab00000, 0x00000000ecf00000, 0x0000000100000000)
  eden space 31744K, 0% used [0x00000000eab00000,0x00000000eab00000,0x00000000eca00000)
  from space 2560K, 99% used [0x00000000ecc80000,0x00000000ecefe618,0x00000000ecf00000)
  to   space 2560K, 0% used [0x00000000eca00000,0x00000000eca00000,0x00000000ecc80000)
 ParOldGen       total 42496K, used 2007K [0x00000000c0000000, 0x00000000c2980000, 0x00000000eab00000)
  object space 42496K, 4% used [0x00000000c0000000,0x00000000c01f5f90,0x00000000c2980000)
 Metaspace       used 5944K, capacity 6896K, committed 7040K, reserved 1056768K
  class space    used 601K, capacity 616K, committed 640K, reserved 1048576K
}
Event: 8.112 GC heap before
{Heap before GC invocations=3 (full 0):
 PSYoungGen      total 34304K, used 34297K [0x00000000eab00000, 0x00000000ecf00000, 0x0000000100000000)
  eden space 31744K, 100% used [0x00000000eab00000,0x00000000eca00000,0x00000000eca00000)
  from space 2560K, 99% used [0x00000000ecc80000,0x00000000ecefe618,0x00000000ecf00000)
  to   space 2560K, 0% used [0x00000000eca00000,0x00000000eca00000,0x00000000ecc80000)
 ParOldGen       total 42496K, used 2007K [0x00000000c0000000, 0x00000000c2980000, 0x00000000eab00000)
  object space 42496K, 4% used [0x00000000c0000000,0x00000000c01f5f90,0x00000000c2980000)
 Metaspace       used 6149K, capacity 7024K, committed 7296K, reserved 1056768K
  class space    used 603K, capacity 616K, committed 640K, reserved 1048576K
Event: 9.392 GC heap after
Heap after GC invocations=3 (full 0):
 PSYoungGen      total 34304K, used 2559K [0x00000000eab00000, 0x00000000eee00000, 0x0000000100000000)
  eden space 31744K, 0% used [0x00000000eab00000,0x00000000eab00000,0x00000000eca00000)
  from space 2560K, 99% used [0x00000000eca00000,0x00000000ecc7fd30,0x00000000ecc80000)
  to   space 2560K, 0% used [0x00000000eeb80000,0x00000000eeb80000,0x00000000eee00000)
 ParOldGen       total 42496K, used 6926K [0x00000000c0000000, 0x00000000c2980000, 0x00000000eab00000)
  object space 42496K, 16% used [0x00000000c0000000,0x00000000c06c3a20,0x00000000c2980000)
 Metaspace       used 6149K, capacity 7024K, committed 7296K, reserved 1056768K
  class space    used 603K, capacity 616K, committed 640K, reserved 1048576K
}
Event: 10.274 GC heap before
{Heap before GC invocations=4 (full 0):
 PSYoungGen      total 34304K, used 34303K [0x00000000eab00000, 0x00000000eee00000, 0x0000000100000000)
  eden space 31744K, 100% used [0x00000000eab00000,0x00000000eca00000,0x00000000eca00000)
  from space 2560K, 99% used [0x00000000eca00000,0x00000000ecc7fd30,0x00000000ecc80000)
  to   space 2560K, 0% used [0x00000000eeb80000,0x00000000eeb80000,0x00000000eee00000)
 ParOldGen       total 42496K, used 6926K [0x00000000c0000000, 0x00000000c2980000, 0x00000000eab00000)
  object space 42496K, 16% used [0x00000000c0000000,0x00000000c06c3a20,0x00000000c2980000)
 Metaspace       used 6193K, capacity 7088K, committed 7296K, reserved 1056768K
  class space    used 603K, capacity 616K, committed 640K, reserved 1048576K
Event: 10.577 GC heap after
Heap after GC invocations=4 (full 0):
 PSYoungGen      total 66048K, used 2530K [0x00000000eab00000, 0x00000000eee00000, 0x0000000100000000)
  eden space 63488K, 0% used [0x00000000eab00000,0x00000000eab00000,0x00000000ee900000)
  from space 2560K, 98% used [0x00000000eeb80000,0x00000000eedf8980,0x00000000eee00000)
  to   space 2560K, 0% used [0x00000000ee900000,0x00000000ee900000,0x00000000eeb80000)
 ParOldGen       total 42496K, used 11204K [0x00000000c0000000, 0x00000000c2980000, 0x00000000eab00000)
  object space 42496K, 26% used [0x00000000c0000000,0x00000000c0af1208,0x00000000c2980000)
 Metaspace       used 6193K, capacity 7088K, committed 7296K, reserved 1056768K
  class space    used 603K, capacity 616K, committed 640K, reserved 1048576K
}

Deoptimization events (10 events):
Event: 7.023 Thread 0x0000000017754000 Uncommon trap: reason=unstable_if action=reinterpret pc=0x00000000024f40b8 method=com.android.dx.cf.code.Ropper.labelToResultIndex(I)I @ 34
Event: 7.515 Thread 0x0000000001f40800 Uncommon trap: reason=unstable_if action=reinterpret pc=0x00000000025f29c8 method=com.android.dx.cf.code.ByteCatchList.listFor(I)Lcom/android/dx/cf/code/ByteCatchList; @ 19
Event: 9.755 Thread 0x0000000001f40800 Uncommon trap: reason=bimorphic action=maybe_recompile pc=0x00000000025d169c method=com.android.dx.ssa.LiteralOpUpgrader.tryReplacingWithConstant(Lcom/android/dx/ssa/NormalSsaInsn;)Z @ 52
Event: 9.793 Thread 0x0000000001f40800 Uncommon trap: reason=unstable_if action=reinterpret pc=0x0000000002615148 method=com.android.dx.ssa.SsaRenamer$BlockRenamer.visitMoveInsn(Lcom/android/dx/ssa/NormalSsaInsn;)V @ 104
Event: 10.121 Thread 0x0000000001f40800 Uncommon trap: reason=unstable_if action=reinterpret pc=0x00000000024bd37c method=com.android.dx.util.IntList.binarysearch(I)I @ 105
Event: 10.123 Thread 0x0000000001f40800 Uncommon trap: reason=unstable_if action=reinterpret pc=0x000000000270c5fc method=com.android.dx.ssa.SsaBasicBlock.newFromRop(Lcom/android/dx/rop/code/RopMethod;ILcom/android/dx/ssa/SsaMethod;)Lcom/android/dx/ssa/SsaBasicBlock; @ 164
Event: 10.131 Thread 0x0000000001f40800 Uncommon trap: reason=unstable_if action=reinterpret pc=0x00000000026b8bec method=com.android.dx.ssa.SsaMethod.blockIndexToRopLabel(I)I @ 1
Event: 10.199 Thread 0x0000000001f40800 Uncommon trap: reason=unstable_if action=reinterpret pc=0x00000000026806c8 method=com.android.dx.rop.code.RegisterSpec.equals(ILcom/android/dx/rop/type/TypeBearer;Lcom/android/dx/rop/code/LocalItem;)Z @ 42
Event: 10.205 Thread 0x0000000001f40800 Uncommon trap: reason=unstable_if action=reinterpret pc=0x00000000023a07e0 method=com.android.dx.rop.code.RegisterSpec.equals(ILcom/android/dx/rop/type/TypeBearer;Lcom/android/dx/rop/code/LocalItem;)Z @ 42
Event: 10.623 Thread 0x0000000016eaa800 Uncommon trap: reason=unstable_if action=reinterpret pc=0x00000000026c286c method=com.android.dx.cf.code.RopperMachine.run(Lcom/android/dx/cf/code/Frame;II)V @ 1500

Internal exceptions (3 events):
Event: 1.456 Thread 0x0000000001f40800 Exception <a 'java/lang/NoSuchMethodError': Method sun.misc.Unsafe.defineClass(Ljava/lang/String;[BII)Ljava/lang/Class; name or signature does not match> (0x00000000eab13080) thrown at [C:\workspace\8-2-build-windows-amd64-cygwin\jdk8u65\4987\hotspot\src\sêD¯ÙÂM˜?
Event: 1.457 Thread 0x0000000001f40800 Exception <a 'java/lang/NoSuchMethodError': Method sun.misc.Unsafe.prefetchRead(Ljava/lang/Object;J)V name or signature does not match> (0x00000000eab13368) thrown at [C:\workspace\8-2-build-windows-amd64-cygwin\jdk8u65\4987\hotspot\src\share\vm\prims\jni.%ü#∂»i@
Event: 6.353 Thread 0x0000000017754000 Implicit null exception at 0x000000000242eea2 to 0x000000000242efa1

Events (10 events):
Event: 10.199 Thread 0x0000000001f40800 DEOPT PACKING pc=0x00000000026806c8 sp=0x0000000001f3e5d0
Event: 10.199 Thread 0x0000000001f40800 DEOPT UNPACKING pc=0x000000000208582a sp=0x0000000001f3e4c8 mode 2
Event: 10.205 Thread 0x0000000001f40800 Uncommon trap: trap_request=0xffffff65 fr.pc=0x00000000023a07e0
Event: 10.205 Thread 0x0000000001f40800 DEOPT PACKING pc=0x00000000023a07e0 sp=0x0000000001f3e430
Event: 10.205 Thread 0x0000000001f40800 DEOPT UNPACKING pc=0x000000000208582a sp=0x0000000001f3e3b8 mode 2
Event: 10.273 Executing VM operation: ParallelGCFailedAllocation
Event: 10.577 Executing VM operation: ParallelGCFailedAllocation done
Event: 10.623 Thread 0x0000000016eaa800 Uncommon trap: trap_request=0xffffff65 fr.pc=0x00000000026c286c
Event: 10.623 Thread 0x0000000016eaa800 DEOPT PACKING pc=0x00000000026c286c sp=0x000000001841e700
Event: 10.623 Thread 0x0000000016eaa800 DEOPT UNPACKING pc=0x000000000208582a sp=0x000000001841e6e8 mode 2


Dynamic libraries:
0x00007ff6c5dd0000 - 0x00007ff6c5e07000 	C:\Program Files\Java\jdk1.8.0_65\bin\java.exe
0x00007fff258a0000 - 0x00007fff25a4c000 	C:\Windows\SYSTEM32\ntdll.dll
0x00007fff25750000 - 0x00007fff2588e000 	C:\Windows\system32\KERNEL32.DLL
0x00007fff22e10000 - 0x00007fff22f25000 	C:\Windows\system32\KERNELBASE.dll
0x00007fff21510000 - 0x00007fff2159e000 	C:\Windows\system32\apphelp.dll
0x00007ffefe1a0000 - 0x00007ffefe1f3000 	C:\Windows\AppPatch\AppPatch64\AcGenral.DLL
0x00007fff24fe0000 - 0x00007fff2508a000 	C:\Windows\system32\msvcrt.dll
0x00007fff227c0000 - 0x00007fff227ee000 	C:\Windows\SYSTEM32\SspiCli.dll
0x00007fff24de0000 - 0x00007fff24e34000 	C:\Windows\system32\SHLWAPI.dll
0x00007fff24c50000 - 0x00007fff24dc7000 	C:\Windows\system32\USER32.dll
0x00007fff24e40000 - 0x00007fff24fd4000 	C:\Windows\system32\ole32.dll
0x00007fff23090000 - 0x00007fff245a9000 	C:\Windows\system32\SHELL32.dll
0x00007fff21f90000 - 0x00007fff21fb1000 	C:\Windows\SYSTEM32\USERENV.dll
0x00007fff25510000 - 0x00007fff255ba000 	C:\Windows\system32\ADVAPI32.dll
0x00007fff18e40000 - 0x00007fff18e5e000 	C:\Windows\SYSTEM32\MPR.dll
0x00007fff25250000 - 0x00007fff25391000 	C:\Windows\system32\RPCRT4.dll
0x00007fff255c0000 - 0x00007fff25619000 	C:\Windows\SYSTEM32\sechost.dll
0x00007fff24a20000 - 0x00007fff24c31000 	C:\Windows\SYSTEM32\combase.dll
0x00007fff253c0000 - 0x00007fff25510000 	C:\Windows\system32\GDI32.dll
0x00007fff22a00000 - 0x00007fff22a15000 	C:\Windows\SYSTEM32\profapi.dll
0x00007fff21450000 - 0x00007fff21502000 	C:\Windows\SYSTEM32\SHCORE.dll
0x00007fff25150000 - 0x00007fff25186000 	C:\Windows\system32\IMM32.DLL
0x00007fff22f30000 - 0x00007fff23082000 	C:\Windows\system32\MSCTF.dll
0x00007fff22980000 - 0x00007fff229e6000 	C:\Windows\system32\nvinitx.dll
0x00007fff20a60000 - 0x00007fff20cda000 	C:\Windows\WinSxS\amd64_microsoft.windows.common-controls_6595b64144ccf1df_6.0.9600.17810_none_6240b9c7ecbd0bda\COMCTL32.dll
0x0000000064700000 - 0x00000000647d2000 	C:\Program Files\Java\jdk1.8.0_65\jre\bin\msvcr100.dll
0x0000000066820000 - 0x00000000670a9000 	C:\Program Files\Java\jdk1.8.0_65\jre\bin\server\jvm.dll
0x00007fff1ac20000 - 0x00007fff1ac29000 	C:\Windows\SYSTEM32\WSOCK32.dll
0x00007fff20570000 - 0x00007fff20592000 	C:\Windows\SYSTEM32\WINMM.dll
0x00007fff205a0000 - 0x00007fff205aa000 	C:\Windows\SYSTEM32\VERSION.dll
0x00007fff25890000 - 0x00007fff25897000 	C:\Windows\system32\PSAPI.DLL
0x00007fff25680000 - 0x00007fff256da000 	C:\Windows\system32\WS2_32.dll
0x00007fff202e0000 - 0x00007fff2030a000 	C:\Windows\SYSTEM32\WINMMBASE.dll
0x00007fff24dd0000 - 0x00007fff24dd9000 	C:\Windows\system32\NSI.dll
0x00007fff22be0000 - 0x00007fff22c2f000 	C:\Windows\SYSTEM32\cfgmgr32.dll
0x00007fff21780000 - 0x00007fff217a8000 	C:\Windows\SYSTEM32\DEVOBJ.dll
0x0000000068760000 - 0x000000006876f000 	C:\Program Files\Java\jdk1.8.0_65\jre\bin\verify.dll
0x0000000068730000 - 0x0000000068759000 	C:\Program Files\Java\jdk1.8.0_65\jre\bin\java.dll
0x0000000068710000 - 0x0000000068726000 	C:\Program Files\Java\jdk1.8.0_65\jre\bin\zip.dll

VM Arguments:
jvm_args: -Djava.awt.headless=true -Xmx1024M -Dfile.encoding=windows-1250 -Duser.country=PL -Duser.language=pl -Duser.variant 
java_command: com.android.dx.command.Main --dex --num-threads=4 --output C:\Users\Patryk\AndroidStudioProjects\ISA\app\build\intermediates\pre-dexed\debug\com.android.support-support-v4-23.1.1_6d415286c26f676428db4879a7fca2adec1ec38f.jar C:\Users\Patryk\AndroidStudioProjects\ISA\app\build\intermediates\exploded-aar\com.android.support\support-v4\23.1.1\jars\classes.jar
java_class_path (initial): C:\Users\Patryk\AppData\Local\Android\sdk\build-tools\23.0.2\lib\dx.jar
Launcher Type: SUN_STANDARD

Environment Variables:
JAVA_HOME=C:\Program Files\Java\jdk1.8.0_65
PATH=C:\ProgramData\Oracle\Java\javapath;C:\Program Files (x86)\NVIDIA Corporation\PhysX\Common;C:\Windows\system32;C:\Windows;C:\Windows\System32\Wbem;C:\Windows\System32\WindowsPowerShell\v1.0\;C:\Program Files\MATLAB\R2011a\runtime\win64;C:\Program Files\MATLAB\R2011a\bin;C:\Android;C:\Windows\System32;C:\Program Files (x86)\Skype\Phone\;C:\Program Files\Java\jre1.8.0_65\bin;.;;.;
USERNAME=Patryk
OS=Windows_NT
PROCESSOR_IDENTIFIER=Intel64 Family 6 Model 58 Stepping 9, GenuineIntel



---------------  S Y S T E M  ---------------

OS: Windows 8.1 , 64 bit Build 9600 (6.3.9600.17415)

CPU:total 8 (4 cores per cpu, 2 threads per core) family 6 model 58 stepping 9, cmov, cx8, fxsr, mmx, sse, sse2, sse3, ssse3, sse4.1, sse4.2, popcnt, avx, aes, clmul, erms, ht, tsc, tscinvbit, tscinv

Memory: 4k page, physical 4060004k(226588k free), swap 7205732k(5160k free)

vm_info: Java HotSpot(TM) 64-Bit Server VM (25.65-b01) for windows-amd64 JRE (1.8.0_65-b17), built on Oct  6 2015 16:39:20 by "java_re" with MS VC++ 10.0 (VS2010)

time: Sun Jan 03 18:41:02 2016
elapsed time: 10 seconds (0d 0h 0m 10s)

